1 1 2 2 2 2 3 4 5 5 5 7 7 7 8 10 12 13 15 16 20 23 24 26 27 30 41 44 6 6 8 9 10 45 47 11 11 11 12 12 13 13 14 16 18 19 19 20 21 21 21 22 22 24 24 25 26 26 26 27 28 28 30 30 30 31 31 31 32 32 33 33 33 34 35 35 37 37 38 39 40 41 41 42 43 44 44 45 45 45 46 46 46 48 48 48 49 49 50 50
insertion;0.001000;100;65;2
1 1 2 2 2 2 3 4 5 7 7 7 5 5 6 6 8 8 9 10 10 11 11 11 12 12 12 13 13 13 14 15 16 16 18 19 19 20 20 21 21 21 22 22 23 24 24 25 26 26 24 26 26 27 27 28 28 30 30 30 30 31 31 31 32 32 33 33 33 34 35 35 37 37 38 39 41 41 41 40 42 43 44 44 44 45 45 45 45 46 46 46 47 48 48 48 49 49 50 50
insertion;0.001000;100;38;3
1 1 2 2 2 2 4 5 5 6 7 7 7 8 10 11 11 12 12 12 13 13 13 15 16 16 18 19 20 21 21 21 22 22 23 24 24 26 26 27 28 30 30 30 31 32 32 33 33 33 35 37 37 38 39 40 41 41 41 42 44 44 45 3 5 6 8 9 10 11 14 19 20 24 25 26 26 27 28 34 44 45 45 45 46 46 46 47 48 48 48 49 30 31 31 35 43 49 50 50
insertion;0.001000;100;63;2
1 1 2 2 2 4 5 5 6 7 7 7 2 3 5 6 8 8 9 10 10 11 12 11 11 12 12 13 13 15 16 16 18 19 20 21 21 22 23 24 26 26 27 28 30 30 31 32 32 33 35 37 37 38 39 40 41 41 41 42 44 44 45 45 45 46 46 13 14 19 20 21 22 24 24 25 26 26 27 28 30 30 31 31 33 33 34 35 43 44 45 46 47 48 48 48 49 49 50 50
insertion;0.001000;100;44;3
1 1 2 2 2 2 3 4 5 5 5 6 7 7 7 8 8 9 10 10 6 11 11 11 12 12 12 13 13 13 14 15 16 16 18 19 19 20 20 21 21 21 23 24 26 26 27 28 30 30 31 32 32 33 35 37 37 38 39 40 41 41 41 42 44 44 45 45 45 46 46 22 22 24 24 25 26 26 27 28 30 30 31 31 33 33 34 35 43 44 45 46 47 48 48 48 49 49 50 50
insertion;0.001000;100;51;2
1 1 2 2 2 2 3 4 5 5 5 6 6 7 7 7 8 8 9 10 10 11 11 11 12 12 12 13 13 13 14 15 16 16 18 19 20 21 21 21 22 22 23 24 24 26 26 27 28 28 30 30 30 31 32 32 33 33 33 35 37 37 38 39 40 41 41 41 42 44 44 45 45 19 20 24 25 26 26 27 30 31 31 34 35 43 44 45 45 46 46 46 47 48 48 48 49 49 50 50
insertion;0.001000;100;73;1
1 1 2 2 2 2 3 4 5 5 5 6 6 7 7 7 8 8 9 10 10 11 11 11 12 12 12 13 13 13 14 15 16 16 18 19 19 20 21 21 21 22 22 23 24 24 26 26 27 28 28 30 30 30 31 32 32 33 33 33 35 37 25 37 38 39 40 41 41 41 42 44 44 44 45 45 45 20 24 26 26 27 30 31 31 45 46 46 46 47 48 34 35 43 48 49 48 49 50 50
insertion;0.001000;100;62;4
1 1 2 2 2 2 3 4 5 5 5 6 7 7 7 8 8 9 10 10 11 11 12 12 12 13 13 13 14 15 16 16 18 19 19 20 20 21 21 21 22 22 23 24 24 24 25 26 26 27 28 28 30 30 30 30 31 31 31 32 32 6 11 33 33 33 34 35 35 37 37 38 39 40 41 41 41 42 43 44 44 44 45 45 45 26 26 27 45 46 46 46 47 48 48 48 49 49 50 50
insertion;0.001000;100;61;2
1 1 2 2 2 2 3 4 5 5 5 6 6 7 7 7 8 8 9 10 10 11 11 11 12 12 12 13 15 16 18 19 20 21 21 23 24 26 27 28 30 30 33 35 37 37 38 39 40 41 41 41 42 44 45 45 46 46 47 48 13 13 14 16 19 20 21 22 22 24 24 25 26 26 26 28 30 30 31 31 31 32 27 32 33 33 34 35 43 44 44 45 45 46 48 48 49 49 50 50
insertion;0.001000;100;60;2
1 1 2 2 2 2 3 4 5 5 5 6 6 7 7 7 8 8 9 10 10 11 11 11 12 12 12 13 13 15 13 14 16 16 18 19 19 20 20 21 21 21 22 22 23 24 24 24 25 26 26 26 26 27 27 28 28 30 30 30 30 31 31 31 32 32 33 33 33 34 35 35 37 37 38 39 40 41 41 41 44 45 45 42 43 44 44 45 45 46 46 46 47 48 48 48 49 49 50 50
insertion;0.001000;100;53;2
