1 1 2 2 2 2 3 4 5 5 5 6 6 7 7 7 8 8 9 10 10 11 11 11 12 12 12 13 13 13 14 15 16 16 18 19 19 20 20 21 21 21 22 22 23 24 24 24 25 26 26 26 26 27 28 28 30 30 30 30 31 31 32 32 33 33 27 31 33 34 35 37 38 37 39 40 35 41 41 41 42 44 44 44 43 45 45 45 45 46 46 46 47 48 48 48 49 49 50 50
bubble;0.010000;100;66;4
1 2 2 2 2 3 4 5 5 5 6 6 7 7 7 8 8 9 10 10 11 11 11 12 12 12 13 13 13 14 15 16 16 18 19 19 20 20 21 21 21 22 22 23 24 24 24 25 26 26 1 26 27 27 28 28 26 30 30 30 30 31 31 31 32 32 33 33 33 34 35 35 37 37 38 39 40 41 41 41 42 44 44 44 45 45 45 45 46 46 46 47 48 48 49 49 43 50 48 50
bubble;0.010000;100;50;4
1 2 2 2 2 3 4 5 5 5 6 6 7 7 7 8 8 9 10 10 11 1 11 11 12 12 12 13 13 13 14 15 16 16 18 19 19 20 20 21 21 21 22 22 23 24 24 24 25 26 26 26 27 28 28 30 30 30 30 31 31 31 32 32 33 33 33 34 35 35 37 37 38 26 39 40 41 41 41 42 44 44 44 45 45 45 45 46 27 46 43 46 47 48 49 49 48 50 48 50
bubble;0.010000;100;52;6
1 2 2 2 2 3 4 5 5 5 6 6 7 7 7 8 8 9 1 10 10 11 11 11 12 12 12 13 13 13 14 15 16 16 18 19 19 20 20 21 21 21 22 22 23 24 24 24 25 26 26 26 27 28 28 30 30 30 26 30 31 31 31 32 32 33 33 33 34 35 37 37 38 39 40 41 41 41 42 43 44 44 44 35 45 45 45 45 46 46 46 47 48 48 49 48 49 50 27 50
bubble;0.010000;100;40;5
1 2 2 2 2 3 4 5 5 5 6 6 7 7 7 8 8 9 10 10 11 11 11 12 12 12 13 13 1 13 14 15 16 16 18 19 19 20 20 21 21 21 22 22 23 24 24 24 25 26 26 27 28 28 26 30 30 30 30 31 31 31 32 32 33 33 33 34 35 35 37 37 38 39 40 41 41 41 42 43 44 44 44 27 45 45 45 45 46 46 46 47 48 49 48 49 50 26 48 50
bubble;0.010000;100;29;5
1 1 2 2 2 2 3 4 5 5 5 6 6 7 7 7 8 8 9 10 10 11 11 11 12 12 12 13 13 13 14 15 16 16 18 19 19 20 20 21 21 21 22 22 23 24 24 24 26 25 26 26 26 27 28 28 30 30 30 30 31 31 31 32 32 33 33 33 34 35 35 37 37 38 39 40 41 41 41 42 44 43 44 44 45 45 45 45 46 46 46 47 27 48 48 49 48 49 50 50
bubble;0.010000;100;49;4
1 1 2 2 2 2 3 4 5 5 5 6 6 7 7 7 8 8 9 10 10 11 11 11 12 12 12 13 13 13 14 15 16 16 18 19 19 20 20 21 21 21 22 22 23 24 24 24 25 26 26 26 27 28 28 30 30 30 30 31 31 31 32 32 33 33 33 34 26 35 35 37 37 38 39 40 41 41 41 27 42 44 44 45 45 45 45 46 46 46 43 47 44 48 48 49 49 48 50 50
bubble;0.010000;100;68;5
1 2 2 2 2 3 4 1 5 5 5 6 6 7 7 7 8 8 9 10 10 11 11 11 12 12 12 13 13 13 14 15 16 16 18 19 19 20 20 21 21 21 22 22 23 24 24 24 25 26 26 27 28 28 30 30 30 30 31 31 31 32 32 33 33 33 34 35 37 37 38 39 26 40 41 41 41 26 42 43 44 35 44 44 45 45 45 45 46 46 46 47 48 48 48 49 49 50 50 27
bubble;0.010000;100;65;5
1 1 2 2 2 2 3 4 5 5 5 6 6 7 7 7 8 8 9 10 10 11 11 11 12 12 12 13 13 13 14 15 16 16 18 19 19 20 20 21 21 21 22 22 23 24 24 24 25 26 26 26 27 28 28 30 30 30 30 31 31 32 32 26 33 27 33 33 31 34 35 37 37 38 39 40 41 41 41 42 44 35 44 45 43 45 45 45 46 46 47 48 44 48 49 49 50 50 46 48
bubble;0.010000;100;63;7
1 2 2 2 2 3 4 5 5 5 6 7 7 7 6 8 8 9 1 10 10 11 11 11 12 12 12 13 13 13 14 15 16 16 18 19 19 20 20 21 21 21 22 22 23 24 24 24 25 26 26 26 27 28 28 30 30 30 30 31 31 31 32 32 33 33 33 34 35 37 35 37 38 39 26 40 41 41 41 42 43 44 44 44 27 45 45 45 45 46 46 46 47 48 48 49 49 48 50 50
bubble;0.010000;100;52;6
