1 2 2 2 2 3 4 5 5 5 6 6 7 7 7 8 8 9 10 10 11 11 11 12 12 12 13 13 13 14 15 16 16 18 19 19 20 20 21 21 21 22 22 23 24 24 24 25 26 26 27 28 28 30 1 30 30 30 31 31 31 32 32 33 33 33 34 35 37 37 38 39 40 41 41 41 42 43 44 44 44 45 26 45 45 45 46 46 26 46 47 48 48 27 49 48 49 35 50 50
bubble;0.010000;100;54;6
1 1 2 2 2 2 3 4 5 5 5 6 6 7 7 7 8 8 9 10 10 11 11 11 12 12 12 13 13 13 14 15 16 16 18 19 19 20 20 21 21 21 22 22 23 24 24 24 25 26 26 26 26 27 27 28 28 30 30 30 30 31 31 31 32 32 33 33 33 34 35 35 37 37 38 39 40 41 41 41 42 43 44 44 44 45 45 45 45 46 46 46 47 48 48 48 49 49 50 50
bubble;0.010000;100;100;0
1 1 2 2 2 2 3 4 5 5 5 6 6 7 7 7 8 8 9 10 10 11 11 11 12 12 12 13 13 13 14 15 16 16 18 19 19 20 20 21 21 21 22 22 23 24 24 24 25 26 26 26 26 27 27 28 28 30 30 30 30 31 31 31 32 32 33 33 33 34 35 35 37 37 38 39 40 41 41 41 42 43 44 44 44 45 45 45 45 46 46 46 47 48 48 48 49 49 50 50
bubble;0.010000;100;100;0
1 1 2 2 2 2 3 4 5 5 5 6 6 7 7 7 8 8 9 10 10 11 11 11 12 12 12 13 13 13 14 15 16 16 18 19 19 20 20 21 21 21 22 22 23 24 24 24 25 26 26 26 26 27 27 28 28 30 30 30 30 31 31 31 32 32 33 33 33 34 35 35 37 37 38 39 40 41 41 41 42 43 44 44 44 45 45 45 45 46 46 46 47 48 48 48 49 49 50 50
bubble;0.010000;100;100;0
1 1 2 2 2 2 3 4 5 5 5 6 6 7 7 7 8 8 9 10 10 11 11 11 12 12 12 13 13 13 14 15 16 16 18 19 19 20 20 21 21 21 22 22 23 24 24 24 25 26 26 26 26 27 27 28 28 30 30 30 30 31 31 31 32 32 33 33 33 34 35 35 37 37 38 39 40 41 41 41 42 43 44 44 44 45 45 45 45 46 46 46 47 48 48 48 49 49 50 50
bubble;0.010000;100;100;0
1 1 2 2 2 2 3 4 5 5 5 6 6 7 7 7 8 8 9 10 10 11 11 11 12 12 12 13 13 13 14 15 16 16 18 19 19 20 20 21 21 21 22 22 23 24 24 24 25 26 26 26 26 27 27 28 28 30 30 30 30 31 31 31 32 32 33 33 33 34 35 35 37 37 38 39 40 41 41 41 42 43 44 44 44 45 45 45 45 46 46 46 47 48 48 48 49 49 50 50
bubble;0.010000;100;100;0
1 1 2 2 2 2 3 4 5 5 5 6 6 7 7 7 8 8 9 10 10 11 11 11 12 12 12 13 13 13 14 15 16 16 18 19 19 20 20 21 21 21 22 22 23 24 24 24 25 26 26 26 26 27 27 28 28 30 30 30 30 31 31 31 32 32 33 33 33 34 35 35 37 37 38 39 40 41 41 41 42 43 44 44 44 45 45 45 45 46 46 46 47 48 48 48 49 49 50 50
bubble;0.010000;100;100;0
1 1 2 2 2 2 3 4 5 5 5 6 6 7 7 7 8 8 9 10 10 11 11 11 12 12 12 13 13 13 14 15 16 16 18 19 19 20 20 21 21 21 22 22 23 24 24 24 25 26 26 26 26 27 27 28 28 30 30 30 30 31 31 31 32 32 33 33 33 34 35 35 37 37 38 39 40 41 41 41 42 43 44 44 44 45 45 45 45 46 46 46 47 48 48 48 49 49 50 50
bubble;0.010000;100;100;0
1 1 2 2 2 2 3 4 5 5 5 6 6 7 7 7 8 8 9 10 10 11 11 11 12 12 12 13 13 13 14 15 16 16 18 19 19 20 20 21 21 21 22 22 23 24 24 24 25 26 26 26 26 27 27 28 28 30 30 30 30 31 31 31 32 32 33 33 33 34 35 35 37 37 38 39 40 41 41 41 42 43 44 44 44 45 45 45 45 46 46 46 47 48 48 48 49 49 50 50
bubble;0.010000;100;100;0
1 1 2 2 2 2 3 4 5 5 5 6 6 7 7 7 8 8 9 10 10 11 11 11 12 12 12 13 13 13 14 15 16 16 18 19 19 20 20 21 21 21 22 22 23 24 24 24 25 26 26 26 26 27 27 28 28 30 30 30 30 31 31 31 32 32 33 33 33 34 35 35 37 37 38 39 40 41 41 41 42 43 44 44 44 45 45 45 45 46 46 46 47 48 48 48 49 49 50 50
bubble;0.010000;100;100;0
