1 2 2 2 4 5 5 7 7 7 10 11 11 12 12 6 13 15 16 18 19 20 21 23 24 13 16 26 27 28 21 30 30 32 32 33 37 38 41 44 35 37 39 40 41 42 45 45 46 8 22 41 46 45 47 48 49 49 26 31 2 3 5 8 9 10 12 13 14 19 20 21 22 24 24 25 28 30 30 31 31 33 33 34 35 43 44 1 44 45 6 11 27 26 26 46 48 48 50 50
insertion;0.010000;100;27;11
1 1 2 2 2 4 5 5 6 7 7 7 10 11 11 2 3 5 12 12 13 13 15 16 16 18 19 20 21 21 23 24 26 27 28 30 30 32 8 22 26 31 32 33 35 37 37 38 39 40 41 41 41 42 6 44 45 45 45 46 46 47 48 49 49 8 9 10 11 12 13 14 19 20 21 22 24 24 25 26 28 30 30 27 31 31 33 33 34 35 26 43 44 44 45 46 48 48 50 50
insertion;0.010000;100;23;6
1 1 2 2 2 2 3 4 5 5 5 6 7 7 7 8 10 11 11 12 12 13 13 15 16 16 18 19 20 21 21 22 23 24 26 26 27 28 30 30 31 32 32 6 33 35 37 37 38 39 40 41 41 41 42 8 9 10 44 45 45 45 46 46 47 11 12 13 14 19 20 49 21 22 24 24 25 26 26 27 28 30 30 31 31 33 33 34 35 43 44 44 45 46 48 48 48 49 50 50
insertion;0.010000;100;43;4
1 1 2 2 2 2 3 4 5 5 5 6 6 7 7 7 8 8 9 10 10 11 11 12 12 13 13 15 16 16 18 19 20 21 21 22 23 24 26 26 27 28 30 30 31 32 32 33 35 37 37 38 39 40 41 41 41 42 44 45 45 45 46 46 47 11 12 13 14 19 20 21 22 24 24 25 26 26 27 28 30 30 31 31 33 33 34 35 43 44 44 45 46 48 48 48 49 49 50 50
insertion;0.010000;100;65;1
1 1 2 2 2 2 3 4 5 5 5 6 6 7 7 7 8 8 9 10 10 11 11 11 12 12 13 13 15 16 16 12 13 18 19 20 21 21 22 23 24 26 26 27 28 30 30 31 14 19 20 21 32 32 33 35 37 37 22 38 39 40 41 41 41 42 44 45 45 45 46 46 47 24 24 25 26 26 27 28 30 30 31 31 33 33 34 35 43 44 44 45 46 48 48 48 49 49 50 50
insertion;0.010000;100;31;4
1 1 2 2 2 2 3 4 5 5 5 6 6 7 7 7 8 8 9 10 10 11 11 11 12 12 12 13 13 13 14 15 16 16 18 19 19 20 20 21 21 21 22 22 23 24 24 24 25 26 26 26 26 27 27 28 28 30 30 30 30 31 31 31 32 32 33 33 33 34 35 35 37 37 38 39 40 41 41 41 42 43 44 44 44 45 45 45 45 46 46 46 47 48 48 48 49 49 50 50
insertion;0.010000;100;100;0
1 1 2 2 2 3 2 4 5 5 5 6 6 7 7 7 8 8 9 10 10 11 11 11 12 12 12 13 13 13 14 15 16 16 18 19 19 20 20 21 21 21 22 23 22 24 24 24 25 26 26 26 26 27 27 28 28 30 30 30 30 31 31 31 32 32 33 33 33 34 35 35 37 37 38 39 40 41 41 41 42 43 44 44 44 45 45 45 45 46 46 46 47 48 48 48 49 49 50 50
insertion;0.010000;100;56;2
1 1 2 2 2 2 3 4 5 5 5 6 6 7 7 7 8 8 9 10 10 11 11 11 12 12 12 13 13 13 14 15 16 16 18 19 19 20 20 21 21 21 22 22 23 24 24 24 25 26 26 26 26 27 27 28 28 30 30 30 30 31 31 31 32 32 33 33 33 34 35 35 37 37 38 39 40 41 41 41 42 43 44 44 44 45 45 45 45 46 46 46 47 48 48 48 49 49 50 50
insertion;0.010000;100;100;0
1 1 2 2 2 2 3 4 5 5 5 6 6 7 7 7 8 8 9 10 10 11 11 11 12 12 12 13 13 13 14 15 16 16 18 19 19 20 20 21 21 21 22 22 23 24 24 24 25 26 26 26 26 27 27 28 28 30 30 30 30 31 31 31 32 32 33 33 33 34 35 35 37 37 38 39 40 41 41 41 42 43 44 44 44 45 45 45 45 46 46 46 47 48 48 48 49 49 50 50
insertion;0.010000;100;100;0
1 1 2 2 2 2 3 4 5 5 5 6 6 7 7 7 8 8 9 10 10 11 11 11 12 12 12 13 13 13 14 15 16 16 18 19 19 20 20 21 21 21 22 22 23 24 24 24 25 26 26 26 26 27 27 28 28 30 30 30 30 31 31 31 32 32 33 33 33 34 35 35 37 37 38 39 40 41 41 41 42 43 44 44 44 45 45 45 45 46 46 46 47 48 48 48 49 49 50 50
insertion;0.010000;100;100;0
