1 2 7 1 10 12 13 15 20 16 7 7 23 24 2 2 2 4 5 5 8 26 27 11 28 30 30 38 33 11 18 19 21 35 37 37 39 41 41 41 42 44 40 45 3 45 46 12 13 21 32 32 5 45 46 47 48 49 6 6 8 9 10 11 12 13 16 21 22 22 24 26 28 30 31 33 33 44 45 14 19 20 24 25 26 26 27 30 31 31 34 35 43 44 46 48 48 49 50 50
insertion;0.010000;100;21;13
1 2 2 2 2 3 4 5 7 7 11 12 13 15 16 20 23 24 26 27 28 30 38 41 44 45 10 7 30 33 37 45 46 47 49 50 11 12 13 18 19 21 5 6 16 8 10 13 21 22 26 31 32 32 35 37 39 40 41 41 12 14 19 20 21 22 24 25 28 30 30 33 33 42 34 44 44 31 5 6 8 9 11 24 26 26 27 31 43 45 45 46 46 1 48 48 48 49 50 35
insertion;0.010000;100;26;11
1 2 2 2 2 4 7 7 10 7 11 11 12 13 15 16 19 20 23 24 26 30 44 45 27 28 30 33 35 37 38 41 45 42 5 5 6 8 12 1 12 18 21 21 37 39 40 41 41 46 46 47 48 49 13 16 22 26 31 32 13 21 22 24 30 32 33 33 44 45 45 48 49 50 3 5 6 8 9 10 11 14 19 25 28 34 44 46 20 24 26 26 27 30 31 31 35 43 48 50
insertion;0.010000;100;15;9
1 2 2 2 4 11 12 13 15 16 24 26 27 47 10 30 44 45 7 7 7 11 19 20 23 28 30 33 35 37 38 42 41 45 46 1 5 5 6 12 13 18 21 21 32 32 8 16 22 26 31 37 39 40 41 41 44 45 48 49 49 46 50 50 2 3 10 12 13 14 19 20 21 22 24 25 28 30 30 31 31 33 33 5 6 8 9 11 24 26 26 27 34 35 43 44 45 46 48 48
insertion;0.010000;100;19;8
2 2 7 7 7 11 12 13 15 16 20 23 24 26 27 28 10 11 30 30 33 35 37 38 41 44 45 45 46 1 4 5 18 19 21 37 39 40 41 41 42 1 47 2 2 5 8 12 13 21 32 32 6 12 13 16 21 22 22 24 26 30 31 33 33 44 45 45 3 5 6 8 9 10 11 14 19 25 28 44 48 49 46 46 49 48 20 24 26 26 30 31 31 34 35 43 48 50 27 50
insertion;0.010000;100;16;10
1 2 2 2 2 4 5 5 7 7 6 7 8 12 13 24 30 44 45 47 15 16 20 10 23 26 27 11 11 12 18 19 21 21 28 33 37 30 35 37 38 39 40 46 41 41 13 13 16 22 3 5 1 6 8 9 10 11 32 32 41 42 45 45 46 48 49 26 31 44 45 48 12 14 19 21 22 24 25 28 30 33 33 34 44 46 48 49 50 20 24 26 26 27 30 31 50 31 35 43
insertion;0.010000;100;17;13
1 2 2 2 4 5 5 7 7 10 7 8 11 12 13 15 6 16 20 24 26 11 18 23 27 28 30 30 33 35 37 38 19 21 37 39 41 12 13 16 21 22 26 31 32 32 40 41 41 1 42 44 44 45 45 45 46 46 47 48 49 49 50 2 3 5 6 8 9 10 11 12 13 14 19 20 21 22 24 24 25 26 26 27 28 30 30 31 31 33 45 33 34 35 43 44 46 48 48 50
insertion;0.010000;100;28;8
1 2 2 2 2 4 5 5 6 7 7 7 8 10 11 11 12 12 3 12 13 15 16 18 19 20 21 23 24 26 27 28 30 30 33 37 38 41 44 45 45 46 47 49 50 35 37 39 40 41 41 42 21 46 48 49 50 13 13 16 21 22 10 14 1 19 20 22 24 25 26 28 30 30 31 31 31 32 32 33 5 6 8 9 24 33 11 34 35 43 26 26 44 45 45 46 48 44 48 27
insertion;0.010000;100;27;11
1 2 2 2 2 3 4 7 11 12 13 15 16 20 23 24 26 10 27 28 7 7 11 19 5 5 6 8 12 12 13 13 16 18 30 30 33 37 10 14 19 20 38 41 44 45 35 39 21 21 21 22 22 25 26 30 32 32 37 40 41 41 42 31 33 33 44 45 45 45 46 24 28 31 30 5 6 8 9 1 11 24 31 44 46 46 49 47 49 26 26 27 34 35 43 50 50 48 48 48
insertion;0.010000;100;17;14
2 2 7 10 11 1 1 4 5 12 30 47 13 15 16 20 7 7 11 18 19 21 23 24 26 27 2 2 5 6 8 12 12 13 13 16 21 21 22 22 26 28 24 30 30 31 32 32 33 33 33 35 3 5 6 8 9 37 38 39 41 10 28 42 44 45 45 37 40 46 14 19 20 24 26 25 30 31 11 27 31 26 34 35 41 41 43 44 44 45 45 46 46 48 48 49 48 49 50 50
insertion;0.010000;100;16;13
