1 1 2 2 2 2 3 4 5 5 5 6 6 7 7 7 8 10 10 11 11 11 8 9 12 12 12 13 13 13 14 16 15 16 18 19 19 20 20 21 21 21 22 22 23 24 24 24 25 26 26 27 26 26 27 28 30 30 30 30 31 31 31 32 32 33 33 33 34 35 35 37 37 38 28 39 40 41 41 41 42 43 44 44 44 45 45 45 45 46 46 46 47 48 48 48 49 49 50 50
merge;0.010000;100;26;4
1 1 2 2 2 2 3 4 5 5 5 6 6 7 7 7 8 8 9 10 10 11 11 11 12 12 12 13 13 13 14 15 16 18 19 19 20 20 21 21 21 22 22 23 24 16 24 24 25 26 26 26 26 27 27 28 28 30 30 30 30 31 31 31 32 32 33 33 33 34 35 35 37 37 38 39 40 41 41 41 42 43 44 44 45 44 45 45 45 46 46 46 47 48 48 48 49 49 50 50
merge;0.010000;100;45;2
1 1 2 2 2 2 3 4 5 5 6 7 7 7 8 10 10 5 6 11 11 12 12 12 13 13 13 14 8 9 11 15 16 16 18 19 19 20 20 21 21 21 22 22 23 24 24 24 25 26 26 26 26 27 27 28 28 30 30 30 30 31 31 31 32 32 33 33 33 34 35 37 35 37 38 39 40 41 41 41 42 43 44 44 44 45 45 45 45 46 46 46 47 48 48 48 49 49 50 50
merge;0.010000;100;44;3
1 1 2 2 2 2 3 4 5 5 5 6 6 7 7 7 8 8 9 10 10 11 11 11 12 12 12 13 13 13 14 15 16 16 18 19 19 20 20 21 21 21 22 22 23 24 24 24 25 26 26 26 27 27 28 28 30 30 26 44 30 30 31 31 31 32 32 33 33 33 34 35 35 37 37 38 39 40 41 41 41 42 43 44 44 45 45 45 45 46 46 46 47 48 48 48 49 49 50 50
merge;0.010000;100;58;2
1 1 2 2 2 2 3 4 5 5 5 6 6 7 7 7 8 8 9 10 10 11 11 11 12 12 12 13 13 13 14 15 16 16 18 19 19 20 20 21 21 21 22 22 23 24 24 24 25 26 26 26 26 27 27 28 28 30 30 30 30 31 31 31 32 33 32 33 33 34 35 35 37 37 38 39 40 41 41 41 42 43 44 44 44 45 45 45 45 46 46 46 47 48 48 48 49 49 50 50
merge;0.010000;100;66;1
1 1 2 2 2 2 3 4 5 5 5 6 6 7 7 7 8 8 9 10 10 11 11 11 12 12 12 13 13 13 14 15 16 16 18 19 19 20 21 21 21 22 22 23 24 24 26 26 24 25 20 26 26 27 27 28 28 30 30 30 30 31 31 32 31 32 33 33 33 34 35 35 37 37 38 39 40 41 41 41 42 43 44 44 44 45 45 45 46 46 45 46 47 48 48 48 49 49 50 50
merge;0.010000;100;48;4
1 1 2 2 2 2 4 5 5 3 5 6 6 7 7 7 8 8 9 10 10 11 11 11 12 12 12 13 13 13 14 15 16 18 16 19 19 20 20 21 21 21 22 22 23 24 24 25 26 26 26 26 27 27 28 28 30 30 30 31 31 31 32 32 33 35 34 35 37 37 38 39 40 41 41 41 42 43 44 44 44 45 45 45 45 24 30 33 33 46 46 46 47 48 48 48 49 49 50 50
merge;0.010000;100;32;4
1 1 2 2 2 2 3 4 5 5 5 6 6 7 7 7 8 8 9 10 10 11 11 11 12 12 12 13 13 13 14 15 16 16 18 19 19 20 20 21 21 21 22 22 23 24 24 24 25 26 26 26 26 27 27 28 28 30 30 30 30 31 31 31 32 32 33 33 33 34 35 35 37 37 38 39 40 41 41 41 42 43 44 44 44 45 45 45 45 46 46 46 47 48 48 48 49 49 50 50
merge;0.010000;100;100;0
1 1 2 2 2 2 3 4 5 5 6 7 7 7 8 8 6 9 10 10 11 11 11 12 12 12 13 13 13 14 15 16 16 18 19 19 20 20 21 21 21 22 22 23 24 24 24 25 26 26 26 26 27 27 28 28 30 30 30 30 31 31 31 5 32 32 33 33 33 34 35 43 38 35 37 37 39 40 41 41 41 42 44 44 44 45 45 45 45 46 46 46 47 48 48 48 49 49 50 50
merge;0.010000;100;47;4
1 1 2 2 2 3 4 5 5 5 6 7 7 7 8 9 10 10 11 11 2 11 12 12 12 6 8 13 13 13 14 15 16 16 18 19 19 20 20 21 21 21 22 22 23 24 24 24 25 26 26 26 26 27 27 28 28 30 30 30 31 31 31 32 32 33 34 35 35 37 37 38 39 40 41 41 41 42 43 44 44 44 45 45 45 45 30 33 46 46 46 47 48 48 33 48 49 49 50 50
merge;0.010000;100;61;4
