1 1 2 2 2 2 3 4 5 5 5 6 6 7 7 7 8 8 9 10 10 11 11 11 12 12 12 13 13 13 14 15 16 16 18 19 19 20 20 21 21 21 22 22 23 24 24 24 25 26 26 26 26 27 27 28 28 30 30 30 30 31 33 31 31 32 32 33 33 34 35 35 37 37 38 39 40 41 41 41 42 43 44 44 44 45 45 45 45 46 46 46 47 48 48 48 49 49 50 50
quick;0.010000;100;63;1
1 19 46 48 1 2 2 2 2 3 4 5 5 5 6 6 7 7 7 8 8 9 10 10 11 11 11 12 12 12 13 13 13 14 15 16 16 18 19 20 20 21 21 21 22 24 24 24 23 25 26 26 26 40 26 22 27 27 28 28 30 30 30 30 31 31 31 32 32 33 33 33 34 35 37 37 38 39 41 41 41 42 43 44 44 44 35 45 45 45 45 46 46 47 48 48 49 49 50 50
quick;0.010000;100;44;5
1 1 2 2 2 2 3 4 5 7 5 6 6 7 8 8 9 10 10 7 11 11 11 12 12 12 13 13 14 15 16 16 18 19 19 20 20 21 21 21 22 22 13 23 24 24 24 25 26 26 26 26 27 27 28 28 30 30 30 31 30 31 31 32 32 33 33 33 34 35 35 37 37 38 39 40 41 41 41 42 43 44 44 44 45 45 45 45 5 46 46 46 47 48 48 48 49 49 50 50
quick;0.010000;100;28;5
1 1 2 2 2 2 4 5 5 5 6 6 7 7 8 8 9 10 10 11 11 12 12 7 13 13 15 13 12 14 16 16 18 19 19 20 20 11 21 21 21 22 22 23 24 24 25 26 26 26 27 27 3 28 28 24 30 30 30 30 31 31 26 31 32 32 33 33 33 34 35 35 37 37 38 39 40 41 41 41 42 43 44 44 44 45 45 45 45 46 46 46 47 48 48 48 49 49 50 50
quick;0.010000;100;38;7
1 1 2 2 2 2 3 4 5 5 6 5 6 7 7 7 8 8 9 10 10 11 11 11 12 12 12 13 13 13 14 15 16 16 18 19 19 20 20 21 21 22 22 23 24 24 24 25 26 26 26 26 27 27 28 28 30 30 30 30 31 31 31 32 33 32 33 33 34 35 35 37 37 38 39 40 41 41 41 42 43 44 44 44 45 45 45 45 46 46 46 47 48 48 48 49 49 21 50 50
quick;0.010000;100;54;3
1 1 2 2 2 3 4 5 5 5 6 6 7 7 7 8 8 9 10 10 11 11 11 2 12 12 12 13 13 13 14 15 16 18 16 19 24 19 20 20 21 21 21 22 22 23 24 24 25 26 26 26 26 27 27 28 28 30 30 30 30 31 31 31 32 32 33 33 33 34 35 35 37 37 38 44 39 40 41 41 41 42 43 44 44 45 45 45 45 46 46 46 47 48 48 49 49 48 50 50
quick;0.010000;100;39;5
1 1 2 2 2 2 3 4 5 5 5 6 12 6 7 7 7 8 8 9 10 10 11 11 11 12 12 13 13 13 14 15 16 16 18 19 20 20 21 21 21 22 22 23 24 24 24 19 26 25 26 26 26 27 27 28 28 30 30 30 30 31 31 31 32 32 33 33 33 34 35 37 37 35 38 39 40 41 41 41 42 44 43 44 47 44 45 45 45 45 46 46 46 48 48 48 49 49 50 50
quick;0.010000;100;34;6
1 1 2 2 2 2 3 4 5 5 5 6 11 6 7 7 7 8 8 9 10 11 12 11 10 12 12 13 13 13 14 15 16 16 19 19 20 20 21 21 21 22 22 23 24 24 24 25 26 26 26 27 27 18 28 28 30 30 30 30 31 45 31 32 32 33 33 33 34 35 35 37 37 38 39 40 41 41 41 42 43 44 44 44 45 45 26 45 31 46 46 46 47 48 48 48 49 49 50 50
quick;0.010000;100;29;7
1 1 2 2 2 2 3 4 5 5 5 6 6 7 7 7 8 8 10 10 11 11 11 12 12 9 12 13 13 13 14 15 16 16 18 19 19 20 20 21 21 21 22 22 23 24 24 24 25 26 26 27 27 28 30 30 30 26 30 26 28 31 31 31 32 32 33 33 33 34 35 35 37 37 38 39 41 41 41 40 42 43 44 44 44 45 45 45 46 46 45 46 47 48 48 48 49 49 50 50
quick;0.010000;100;32;5
1 1 2 2 2 2 3 4 5 5 5 6 6 7 7 8 8 9 10 10 11 11 11 12 12 32 50 12 7 13 13 13 14 15 16 16 18 19 19 20 20 21 21 21 22 22 23 24 24 24 28 25 26 26 26 26 27 27 28 30 30 30 30 31 31 31 32 33 33 33 34 35 35 37 37 38 39 40 41 41 41 42 43 44 44 44 45 45 45 46 46 46 47 48 48 48 45 49 49 50
quick;0.010000;100;45;4
